{"uuid":"f1c82df0-475a-48de-8343-060258c184c1","name":"login valid","historyId":"f88dc27088b171a554e997675ce1ea63:b444eb0fbe6390c71e68b51dd25701fc","status":"failed","statusDetails":{"message":"TypeError: Cannot read properties of null (reading 'context')","trace":"TypeError: Cannot read properties of null (reading 'context')\n    at C:\\Users\\ausni\\Desktop\\formation_logwire\\jenkins\\Playwright_jenkins\\tests\\loginpom.spec.ts:14:16"},"stage":"finished","steps":[{"statusDetails":{},"stage":"running","steps":[{"status":"failed","statusDetails":{"message":"Test timeout of 30000ms exceeded while running \"beforeEach\" hook.","trace":"Test timeout of 30000ms exceeded while running \"beforeEach\" hook.\n    at C:\\Users\\ausni\\Desktop\\formation_logwire\\jenkins\\Playwright_jenkins\\tests\\loginpom.spec.ts:7:6"},"stage":"finished","steps":[{"status":"passed","statusDetails":{},"stage":"finished","steps":[{"status":"passed","statusDetails":{},"stage":"finished","steps":[],"attachments":[],"parameters":[],"name":"Launch browser","start":1769004803658,"uuid":"b4773ea9-8f20-456d-923a-876def89d696","stop":1769004805983}],"attachments":[],"parameters":[],"name":"Fixture \"browser\"","start":1769004803640,"uuid":"6f172070-f32c-49ff-9f37-87c9e0813733","stop":1769004805984},{"status":"passed","statusDetails":{},"stage":"finished","steps":[{"status":"passed","statusDetails":{},"stage":"finished","steps":[],"attachments":[],"parameters":[],"name":"Create context","start":1769004805991,"uuid":"b0460a88-a2d3-4b38-bca6-77453bc91ebd","stop":1769004806186}],"attachments":[],"parameters":[],"name":"Fixture \"context\"","start":1769004805987,"uuid":"8186ba96-18b9-4353-9b9b-497c6d9ececb","stop":1769004806187},{"status":"failed","statusDetails":{"message":"Test timeout of 30000ms exceeded while running \"beforeEach\" hook.","trace":"Test timeout of 30000ms exceeded while running \"beforeEach\" hook.\n    at C:\\Users\\ausni\\Desktop\\formation_logwire\\jenkins\\Playwright_jenkins\\tests\\loginpom.spec.ts:7:6"},"stage":"finished","steps":[{"status":"failed","statusDetails":{"message":"Test timeout of 30000ms exceeded while running \"beforeEach\" hook.","trace":"Test timeout of 30000ms exceeded while running \"beforeEach\" hook.\n    at C:\\Users\\ausni\\Desktop\\formation_logwire\\jenkins\\Playwright_jenkins\\tests\\loginpom.spec.ts:7:6"},"stage":"finished","steps":[],"attachments":[],"parameters":[],"name":"Create page","start":1769004806192,"uuid":"fb79c507-35d0-483d-b3c3-b70a2cfbd7fd","stop":1769004808310}],"attachments":[],"parameters":[],"name":"Fixture \"page\"","start":1769004806188,"uuid":"60044430-80d8-489e-af0e-4d612673a278","stop":1769004810916}],"attachments":[],"parameters":[],"name":"beforeEach hook","start":1769004803582,"uuid":"79e0f948-4a99-4eb0-abde-e2187977b23e","stop":1769004808313}],"attachments":[],"parameters":[],"name":"Before Hooks","start":1769004803580,"uuid":"83981c22-65ea-4315-bbeb-c658cb04ebdb"},{"status":"failed","statusDetails":{"message":"TypeError: Cannot read properties of null (reading 'context')","trace":"TypeError: Cannot read properties of null (reading 'context')\n    at C:\\Users\\ausni\\Desktop\\formation_logwire\\jenkins\\Playwright_jenkins\\tests\\loginpom.spec.ts:14:16"},"stage":"finished","steps":[{"status":"failed","statusDetails":{"message":"TypeError: Cannot read properties of null (reading 'context')","trace":"TypeError: Cannot read properties of null (reading 'context')\n    at C:\\Users\\ausni\\Desktop\\formation_logwire\\jenkins\\Playwright_jenkins\\tests\\loginpom.spec.ts:14:16"},"stage":"finished","steps":[],"attachments":[],"parameters":[],"name":"afterEach hook","start":1769004808326,"uuid":"2a9e46cd-3a00-4c23-9e2c-65a5e43b8c93","stop":1769004808330},{"status":"passed","statusDetails":{},"stage":"finished","steps":[],"attachments":[],"parameters":[],"name":"Fixture \"page\"","start":1769004808331,"uuid":"acd5d6b7-5c8e-478c-8557-cabc84e6ef20","stop":1769004808332},{"status":"failed","statusDetails":{"message":"Error: browserContext.close: Test ended.\nBrowser logs:\n\n<launching> C:\\Users\\ausni\\AppData\\Local\\ms-playwright\\firefox-1497\\firefox\\firefox.exe -no-remote -headless -profile C:\\Users\\ausni\\AppData\\Local\\Temp\\playwright_firefoxdev_profile-vEuESb -juggler-pipe -silent\n<launched> pid=27148\n[pid=27148][err] *** You are running in headless mode.\n[pid=27148][err] JavaScript warning: resource://services-settings/Utils.sys.mjs, line 116: unreachable code after return statement\n[pid=27148][out] console.warn: services.settings: Ignoring preference override of remote settings server\n[pid=27148][out] console.warn: services.settings: Allow by setting MOZ_REMOTE_SETTINGS_DEVTOOLS=1 in the environment\n[pid=27148][out] \n[pid=27148][out] Juggler listening to the pipe\n[pid=27148][out] Crash Annotation GraphicsCriticalError: |[0][GFX1-]: RenderCompositorSWGL failed mapping default framebuffer, no dt (t=26.7788) [GFX1-]: RenderCompositorSWGL failed mapping default framebuffer, no dt\n[pid=27148][err] JavaScript error: chrome://juggler/content/Helper.js, line 82: NS_ERROR_FAILURE: Component returned failure code: 0x80004005 (NS_ERROR_FAILURE) [nsIWebProgress.removeProgressListener]","trace":"Error: browserContext.close: Test ended.\nBrowser logs:\n\n<launching> C:\\Users\\ausni\\AppData\\Local\\ms-playwright\\firefox-1497\\firefox\\firefox.exe -no-remote -headless -profile C:\\Users\\ausni\\AppData\\Local\\Temp\\playwright_firefoxdev_profile-vEuESb -juggler-pipe -silent\n<launched> pid=27148\n[pid=27148][err] *** You are running in headless mode.\n[pid=27148][err] JavaScript warning: resource://services-settings/Utils.sys.mjs, line 116: unreachable code after return statement\n[pid=27148][out] console.warn: services.settings: Ignoring preference override of remote settings server\n[pid=27148][out] console.warn: services.settings: Allow by setting MOZ_REMOTE_SETTINGS_DEVTOOLS=1 in the environment\n[pid=27148][out] \n[pid=27148][out] Juggler listening to the pipe\n[pid=27148][out] Crash Annotation GraphicsCriticalError: |[0][GFX1-]: RenderCompositorSWGL failed mapping default framebuffer, no dt (t=26.7788) [GFX1-]: RenderCompositorSWGL failed mapping default framebuffer, no dt\n[pid=27148][err] JavaScript error: chrome://juggler/content/Helper.js, line 82: NS_ERROR_FAILURE: Component returned failure code: 0x80004005 (NS_ERROR_FAILURE) [nsIWebProgress.removeProgressListener]"},"stage":"finished","steps":[{"status":"failed","statusDetails":{"message":"Error: browserContext.close: Test ended.\nBrowser logs:\n\n<launching> C:\\Users\\ausni\\AppData\\Local\\ms-playwright\\firefox-1497\\firefox\\firefox.exe -no-remote -headless -profile C:\\Users\\ausni\\AppData\\Local\\Temp\\playwright_firefoxdev_profile-vEuESb -juggler-pipe -silent\n<launched> pid=27148\n[pid=27148][err] *** You are running in headless mode.\n[pid=27148][err] JavaScript warning: resource://services-settings/Utils.sys.mjs, line 116: unreachable code after return statement\n[pid=27148][out] console.warn: services.settings: Ignoring preference override of remote settings server\n[pid=27148][out] console.warn: services.settings: Allow by setting MOZ_REMOTE_SETTINGS_DEVTOOLS=1 in the environment\n[pid=27148][out] \n[pid=27148][out] Juggler listening to the pipe\n[pid=27148][out] Crash Annotation GraphicsCriticalError: |[0][GFX1-]: RenderCompositorSWGL failed mapping default framebuffer, no dt (t=26.7788) [GFX1-]: RenderCompositorSWGL failed mapping default framebuffer, no dt\n[pid=27148][err] JavaScript error: chrome://juggler/content/Helper.js, line 82: NS_ERROR_FAILURE: Component returned failure code: 0x80004005 (NS_ERROR_FAILURE) [nsIWebProgress.removeProgressListener]","trace":"Error: browserContext.close: Test ended.\nBrowser logs:\n\n<launching> C:\\Users\\ausni\\AppData\\Local\\ms-playwright\\firefox-1497\\firefox\\firefox.exe -no-remote -headless -profile C:\\Users\\ausni\\AppData\\Local\\Temp\\playwright_firefoxdev_profile-vEuESb -juggler-pipe -silent\n<launched> pid=27148\n[pid=27148][err] *** You are running in headless mode.\n[pid=27148][err] JavaScript warning: resource://services-settings/Utils.sys.mjs, line 116: unreachable code after return statement\n[pid=27148][out] console.warn: services.settings: Ignoring preference override of remote settings server\n[pid=27148][out] console.warn: services.settings: Allow by setting MOZ_REMOTE_SETTINGS_DEVTOOLS=1 in the environment\n[pid=27148][out] \n[pid=27148][out] Juggler listening to the pipe\n[pid=27148][out] Crash Annotation GraphicsCriticalError: |[0][GFX1-]: RenderCompositorSWGL failed mapping default framebuffer, no dt (t=26.7788) [GFX1-]: RenderCompositorSWGL failed mapping default framebuffer, no dt\n[pid=27148][err] JavaScript error: chrome://juggler/content/Helper.js, line 82: NS_ERROR_FAILURE: Component returned failure code: 0x80004005 (NS_ERROR_FAILURE) [nsIWebProgress.removeProgressListener]"},"stage":"finished","steps":[],"attachments":[],"parameters":[],"name":"Close context","start":1769004808346,"uuid":"4d8c3947-fd7c-4d71-8640-4e8494bd7184","stop":1769004808436}],"attachments":[],"parameters":[],"name":"Fixture \"context\"","start":1769004808332,"uuid":"6fbafe46-7452-4006-9a10-0425096e5881","stop":1769004808437}],"attachments":[],"parameters":[],"name":"After Hooks","start":1769004808324,"uuid":"1ab8283b-bdf1-4ddc-aa38-1babeb04aa54","stop":1769004808468}],"attachments":[],"parameters":[{"name":"Project","value":"firefox"}],"labels":[{"name":"language","value":"javascript"},{"name":"framework","value":"playwright"},{"name":"package","value":"loginpom.spec.ts"},{"name":"titlePath","value":" > firefox > loginpom.spec.ts"},{"name":"tag","value":"valid"},{"name":"host","value":"Ausni2"},{"name":"thread","value":"pid-24192-worker-0"},{"name":"parentSuite","value":"firefox"},{"name":"suite","value":"loginpom.spec.ts"}],"links":[],"start":1769004803578,"testCaseId":"f88dc27088b171a554e997675ce1ea63","fullName":"loginpom.spec.ts:19:5","titlePath":["loginpom.spec.ts"],"stop":1769004806019}